<?xml version="1.0" encoding="UTF-8"?>
<testng-results skipped="0" failed="0" ignored="0" total="1" passed="1">
  <reporter-output>
  </reporter-output>
  <suite name="Default suite" duration-ms="11798" started-at="2019-10-28T23:05:35 EET" finished-at="2019-10-28T23:05:47 EET">
    <groups>
    </groups>
    <test name="Default test" duration-ms="11798" started-at="2019-10-28T23:05:35 EET" finished-at="2019-10-28T23:05:47 EET">
      <class name="Facebook.Signupfb">
        <test-method status="PASS" signature="signuptofacebook()[pri:0, instance:Facebook.Signupfb@78c03f1f]" name="signuptofacebook" duration-ms="11769" started-at="2019-10-28T23:05:35 EET" finished-at="2019-10-28T23:05:47 EET">
          <reporter-output>
          </reporter-output>
        </test-method> <!-- signuptofacebook -->
      </class> <!-- Facebook.Signupfb -->
    </test> <!-- Default test -->
  </suite> <!-- Default suite -->
</testng-results>
